c:\users\administrator\source\repos\devaps\directxtexwrapper\obj\debug\x64\vc143.pdb
c:\users\administrator\source\repos\devaps\directxtexwrapper\obj\debug\x64\directxtexwrapper.xdc
c:\users\administrator\source\repos\devaps\directxtexwrapper\obj\debug\x64\.netcoreapp,version=v6.0.assemblyattributes.xdc
c:\users\administrator\source\repos\devaps\directxtexwrapper\obj\debug\x64\.netcoreapp,version=v6.0.assemblyattributes.obj
c:\users\administrator\source\repos\devaps\directxtexwrapper\obj\debug\x64\directxtexwrapper.obj
c:\users\administrator\source\repos\devaps\directxtexwrapper\bin\debug\x64\directxtexwrapper.dll
c:\users\administrator\source\repos\devaps\directxtexwrapper\bin\debug\x64\directxtexwrapper.pdb
c:\users\administrator\source\repos\devaps\directxtexwrapper\bin\debug\x64\directxtexwrapper.xml
c:\users\administrator\source\repos\visualggpk2ui\directxtexwrapper\obj\debug\x64\directxtexwrapper.genruntimeconfig.cache
c:\users\administrator\source\repos\visualggpk2ui\directxtexwrapper\obj\debug\x64\directxtexwrapper.vcxproj.assemblyreference.cache
c:\users\administrator\source\repos\visualggpk2ui\directxtexwrapper\obj\debug\x64\.netcoreapp,version=v6.0.assemblyattributes.obj
c:\users\administrator\source\repos\visualggpk2ui\directxtexwrapper\obj\debug\x64\directxtexwrapper.obj
c:\users\administrator\source\repos\visualggpk2ui\directxtexwrapper\obj\debug\x64\.netcoreapp,version=v6.0.assemblyattributes.xdc
c:\users\administrator\source\repos\visualggpk2ui\directxtexwrapper\obj\debug\x64\directxtexwrapper.xdc
c:\users\administrator\source\repos\visualggpk2ui\directxtexwrapper\obj\debug\x64\vc143.pdb
c:\users\administrator\source\repos\visualggpk2ui\directxtexwrapper\bin\debug\x64\directxtexwrapper.dll
c:\users\administrator\source\repos\visualggpk2ui\directxtexwrapper\obj\debug\x64\directxt.ddd21509.tlog\cl.command.1.tlog
c:\users\administrator\source\repos\visualggpk2ui\directxtexwrapper\obj\debug\x64\directxt.ddd21509.tlog\cl.items.tlog
c:\users\administrator\source\repos\visualggpk2ui\directxtexwrapper\obj\debug\x64\directxt.ddd21509.tlog\cl.read.1.tlog
c:\users\administrator\source\repos\visualggpk2ui\directxtexwrapper\obj\debug\x64\directxt.ddd21509.tlog\cl.write.1.tlog
c:\users\administrator\source\repos\visualggpk2ui\directxtexwrapper\obj\debug\x64\directxt.ddd21509.tlog\link.command.1.tlog
c:\users\administrator\source\repos\visualggpk2ui\directxtexwrapper\obj\debug\x64\directxt.ddd21509.tlog\link.read.1.tlog
c:\users\administrator\source\repos\visualggpk2ui\directxtexwrapper\obj\debug\x64\directxt.ddd21509.tlog\link.write.1.tlog
c:\users\administrator\source\repos\visualggpk2ui\directxtexwrapper\obj\debug\x64\directxt.ddd21509.tlog\xdcmake.command.1.tlog
c:\users\administrator\source\repos\visualggpk2ui\directxtexwrapper\obj\debug\x64\directxt.ddd21509.tlog\xdcmake.read.1.tlog
c:\users\administrator\source\repos\visualggpk2ui\directxtexwrapper\obj\debug\x64\directxt.ddd21509.tlog\xdcmake.write.1.tlog
